Cache only architecture
L1
LOAD: 28511 size: 194818 B
STORE: 11539 size: 91108 B
HIT: 26003 size: 143238 B
MISS: 2519 size: 51724 B
EVICT: 705 size: 45120 B

Hybrid LMStore-Cache architecture with Stack Distance-Based Allocation algorithm
L1
LOAD: 3148 size: 14416 B
STORE: 219 size: 2721 B
HIT: 2693 size: 9692 B
MISS: 455 size: 4724 B
EVICT: 22 size: 1408 B

lms: 230453

Hybrid LMStore-Cache architecture with Frequency-Based Allocation algorithm
L1
LOAD: 465 size: 22369 B
STORE: 1920 size: 16952 B
HIT: 10 size: 48 B
MISS: 455 size: 22321 B
EVICT: 292 size: 18688 B

lms: 227085
