2186734306923 3
2186734306974 4
2186734306971 3
2186734307049 11
2186734307371 4
2186734307020 3
1479921923088 34
1479921923081 12
1479921923083 16
1479921923082 12
1479921923078 11
1479921923080 22
1479921923076 11
1479921923072 113
1479921923073 257
1479921923077 23
1479921923079 16
1479921923074 273
1479921923075 14
1479921923084 241
1479921923087 48
1479921923086 257
1479921923085 257
1479921923089 64
1479921923211 13
1479921923210 14
1479921923209 15
1479921923208 15
1479921923207 14
1479921923090 498
1479921923206 15
1479921923212 34
1479921923092 42
1479921923091 304
1479921923205 56
1479921923204 496
1479921923203 592
1479921923202 576
1479921923201 524
2186739499300 10
2186734274302 15
2186734274301 9
2186734272817 4
2186734307400 4
2186734306890 2
2186734307050 2
2186739502929 3
2186739502936 3
2186739502915 3
2186739502906 2
2198875298113 2
2198875298112 2
2186734307309 2
2186734307410 2
2186734307833 3
2186734274035 3
2186739502184 7
2186734274034 3
2186734273012 6
2186734272655 2
2186734274470 3
2186734273991 4
2186734273017 10
2186734274123 5
2186734272823 10
2186734272623 3
2186739499309 22
2186734274518 2
2186734274161 4
2186734274160 3
2186734273589 10
2186734272751 2
2186734272604 2
2186734274456 2
2186734272845 10
2186734272627 3
2186734272528 2
2186739499303 10
2186734272718 2
2186734272593 2
2186739499305 7
2186734274408 3
2186734274407 2
2186734272942 6
2186734272643 3
2186734274462 2
2186734274174 3
2186739502246 7
2186734274173 3
2186734272921 6
2186734272640 2
2186734274514 2
2186734274002 4
2186734273538 10
2186734272743 2
2186739502245 26
2186734274545 2
2186734274324 3
2186734273909 10
2186734272805 3
2186734272621 2
2186739502244 40
2186739499272 3
2186739499271 2
2186739499270 2
2186739499269 2
2186739499268 2
2186739499267 2
2186739499266 2
2186739499265 3
2186734308490 15
2186734308489 5
2186734308444 2
2186734308443 4
2186734308442 3
2186734274113 3
2186734274112 2
2186734273892 10
2186734272802 3
2186734272620 2
2186739502089 6
1479921922969 4
2186734274460 2
2186734273969 3
2186734273968 2
2186734272895 3
2186734272894 8
2186734272636 3
2186734272546 2
1479921922961 12
1479921922968 11
1479921922960 13
1479921923199 6
2186734274474 2
2186734273975 5
2186734273064 10
2186734272664 2
2186734272573 2
1479921922967 12
1479921923200 6
1479921923190 3
1479921922966 9
2186734306887 3
2186734275071 6
2186734275070 12
2186734275069 12
2186734275068 11
2186734275067 12
2186734275066 12
2186734275065 11
2186734275064 12
2186734275063 12
2186734275062 11
2186734275061 12
2186734275060 12
2186734275059 11
2186734275058 12
2186734275057 12
2186734275056 10
2186734306886 5
2186734275055 9
2186734306885 12
2186734306884 2
2186734275054 6
2186734275053 6
2186734306883 4
2186734306882 2
2186734306881 2
2186734275052 7
2186734306895 2
2186734307350 2
2186734306896 2
2186734275051 8
2186734274412 11
2186734272953 22
2186734274436 8
2186734273295 13
2186734275050 12
2186734272569 2
2186734274433 6
2186734274432 22
2186734272998 13
2186734272657 2
2186734272656 5
2186734272571 3
2186734274431 17
2186734273020 13
2186734274471 3
2186734272724 5
2186734274130 12
2186734273427 13
2186734274504 3
2186734275049 12
2186734272679 6
2186734272530 2
2186734273158 13
2186734272667 3
2186734272575 2
2186734274427 32
2186734273082 13
2186734274476 3
2186734272784 2
2186734272783 3
2186734274422 25
2186734274421 9
2186734273782 13
2186734274534 3
2186734275048 12
2186734272633 4
2186734274418 12
2186734272879 13
2186734275047 11
2186739499301 12
2186739499289 19
2186734272745 3
2186734272602 3
2186734274392 15
2186734274391 19
2186734272816 12
2186734272772 2
2186734272610 2
2186734274093 9
2186734274092 23
2186734273716 13
2186734272702 6
2186734272587 2
2186734272533 2
2186734274406 12
2186734273292 13
2186734274493 5
2186734275046 12
2186734272726 2
2186734272725 2
2186734274397 12
2186734274396 9
2186734273434 13
2186734274505 3
2186734306878 7
2186734272547 2
2186734274361 4
2186734274360 7
2186734275045 12
2186734272660 21
2186734272572 3
2186734274358 33
2186734273043 30
2186734274472 6
2186734275044 11
2186734273954 5
2186734273953 13
2186734273559 13
2186734272775 7
2186734274333 12
2186734273730 13
2186734274530 3
2186734272748 3
2186734272538 5
2186734274321 7
2186734273570 13
2186734274516 3
2186734275043 12
2186734272705 5
2186734272588 4
2186734274314 15
2186734274313 9
2186739502090 2
2186734273310 26
2186734274495 5
2186734273990 17
2186734273931 13
2186734272644 9
2186734274293 17
2186734272946 13
2186734274464 4
2186734275042 12
2186734272687 3
2186734272582 2
2186734274292 25
2186734274291 2
2186734273201 13
2186734274486 3
2186734272653 9
2186734272570 3
2186734274287 21
2186734273000 13
2186734274469 5
2186734275041 11
2186734272671 3
2186734272576 2
2186734274284 12
2186734273104 13
2186734274478 3
2186734272767 4
2186734274281 18
2186734273681 13
2186734274526 3
2186734272731 3
2186734272598 2
2186734272535 6
2186734274250 13
2186734273469 13
2186734274508 3
2186734275040 12
2186734272676 5
2186734272578 2
2186734274269 8
2186734273136 13
2186734274480 3
2186734272801 3
2186734272619 2
2186734274267 4
2186734274266 18
2186734273887 13
2186734274543 4
2186734306876 2
2186734272827 13
2186734275039 12
2186734272738 4
2186734272600 2
2186734274249 31
2186734273511 13
2186734274511 3
2186734306975 4
2186734275038 11
2186734272765 9
2186734272608 4
2186734272554 7
2186734273673 30
2186734274525 6
2186734273750 3
2186734272778 3
2186734272612 2
2186734273749 11
2186734274531 3
2186734275037 12
2186734272634 2
2186734272563 4
2186734272544 5
2186734274232 21
2186734272886 13
2186734274459 5
2186734274219 18
2186734273162 13
2186734274482 5
2186734272773 5
2186734272611 3
2186734272558 4
2186734274212 22
2186734273721 13
2186734274529 5
2186734275036 12
2186739499307 4
2186739499288 10
2186734272529 3
2186734274388 20
2186734272814 5
2186734306875 48
2186734272796 3
2186734272534 4
2186734274195 5
2186734274194 27
2186734273859 13
2186734275035 11
2186739499302 25
2186734272680 6
2186734272580 4
2186734274242 54
2186734274241 5
2186734272813 5
2186734272856 3
2186734272629 2
2186734272561 3
2186734272532 4
2186734274169 21
2186734274168 2
2186734272855 11
2186734274457 3
2186734272762 3
2186734272607 2
2186734274164 8
2186734273652 13
2186734274523 3
2186734275034 12
2186734272760 3
2186734272759 2
2186734272606 2
2186734274159 12
2186734274158 11
2186734273638 13
2186734274522 3
2186734273456 3
2186734272729 2
2186734272597 2
2186734274146 7
2186734274145 5
2186734273455 11
2186734274507 3
2186734272785 3
2186734272614 3
2186734272539 3
2186734274137 6
2186734274136 10
2186734273790 13
2186734274535 3
2186734275033 12
2186734306970 5
2186734275032 11
2186734273528 6
2186734272741 5
2186734272601 4
2186734274133 33
2186734273527 25
2186734274513 6
2186734306874 5
2186739499304 37
2186739499290 19
2186739499284 7
2186739499282 4
2186734272537 3
2186734274370 26
2186734272728 3
2186734272596 4
2186734272536 4
2186734274110 14
2186734274109 2
2186734273447 13
2186734274506 3
2186734275031 12
2186734272645 8
2186734272566 4
2186734272543 2
2186734274107 2
2186734274106 24
2186734272949 13
2186734272808 4
2186734274100 6
2186734273926 13
2186734272649 2
2186734272568 2
2186734272552 4
2186734274091 10
2186734272974 13
2186734274467 3
2186734275030 12
2186734272641 3
2186734272565 3
2186734274087 13
2186734272927 13
2186734274463 3
2186734272754 2
2186734272753 3
2186734272605 2
2186734274070 8
2186734273602 13
2186734274519 3
2186734275029 11
2186734272624 9
2186734272559 4
2186734272542 3
2186734274068 19
2186734272826 13
2186734274454 10
2186734272710 2
2186734272590 2
2186734272541 2
2186734274064 6
2186734273341 13
2186734274497 3
2186734272780 3
2186734272613 2
2186734272553 4
2186734274052 15
2186734273758 13
2186734274532 3
2186734275028 12
2186734272795 3
2186734272618 3
2186734272557 4
2186734274045 19
2186734273850 13
2186734274540 5
2186734272714 3
2186734272592 3
2186734272551 5
2186734274256 9
2186734273363 22
2186734274499 4
2186734274452 7
2186734272791 2
2186734272616 2
2186734272549 6
2186734274008 18
2186734274007 25
2186734273824 13
2186734274538 3
2186734275027 12
2186739499306 4
2186739499285 6
2186739499283 5
2186739499281 17
2186734272545 2
2186734274058 13
2186734272812 9
2186734272807 2
2186734272622 4
2186734272550 4
2186734273986 6
2186734273924 13
2186734274546 7
2186734275026 11
2186734272746 7
2186734272603 4
2186734272555 4
2186734273964 17
2186734273558 13
2186734274515 5
2186734272707 2
2186734272589 2
2186734272556 6
2186734273947 30
2186734273325 13
2186734274496 3
2186734272646 2
2186734272567 4
2186734272531 2
2186734274063 18
2186734272955 13
2186734274465 8
2186734275025 12
2186734306879 5
2186734306877 5
2186734275024 12
2186734306873 3
2186734306872 4
2186734275023 11
2186734275022 12
2186734306871 4
2186734275021 12
2186734275020 11
2186734306870 3
2186739502085 18
2186734272811 68
2186734275019 12
2186739502084 82
2198875298114 92
2186734273486 3
2198875298115 554
2186734272734 2
2186734272599 2
2186734272540 5
1479921922959 93
2198875298116 572
2198875298117 430
2198875298118 200
2186734274357 2
2186734274356 5
2186734273485 11
2186734274509 3
2186734306977 7
2186734275018 10
2186734306976 2
2186734275017 9
2186734306973 4
2186734306972 5
2186734275016 9
2186734275015 9
2186734306969 2
2186734275014 9
2186734275013 9
2186734275012 9
2186734306968 2
2186734275011 9
2186734275010 9
2186734275009 9
2186734306967 2
2186734275008 9
2186734275007 9
2186734275006 9
2186734306966 3
2186734306965 2
2186734275005 9
2186734275004 9
2186734306964 3
2186734275003 9
2186734306963 2
2186734306929 2
2186734275002 9
2186734306925 5
2186734306924 4
2186734275001 9
2186734306922 3
2186734306918 2
2186734275000 9
2186734306914 2
2186734274999 9
2186734306913 3
2186734274998 9
2186734274997 9
2186734274996 9
2186734306912 5
2186734274995 9
2186734306911 2
2186734274994 9
2186734306910 2
2186734274993 9
2186734274992 9
2186734306909 2
2186734274991 9
2186734306908 2
2186734274990 9
2186734306907 2
2186734274989 9
2186734274988 9
2186734306906 2
2186734274987 9
2186734306905 2
2186734274986 9
2186734306904 2
2186734274985 9
2186734306903 2
2186734274984 9
2186734274983 9
2186734306902 2
2186734274982 9
2186734306901 2
2186734274981 9
2186734306862 2
2186734274980 9
2186734306861 2
2186734274979 9
2186734306860 2
2186734306859 2
2186734274978 9
2186734306858 3
2186734274977 9
2186734274976 9
2186734274975 9
2186734306857 2
2186734274974 9
2186734274973 9
2186734274972 9
2186734306856 2
2186734274971 9
2186734274970 9
2186734274969 9
2186734306855 2
2186734274968 9
2186734306854 2
2186734274967 9
2186734306852 2
2186734274966 9
2186734274965 9
2186734306851 2
2186734274964 9
2186734274963 9
2186734306850 2
2186734274962 9
2186734274961 9
2186734306849 2
2186734274960 9
2186734306848 2
2186734274959 9
2186734274958 9
2186734306847 2
2186734274957 9
2186734306846 2
2186734274956 9
2186734274955 9
2186734274954 9
2186734306845 2
2186734274953 9
2186734274952 9
2186734306844 2
2186734274951 9
2186734274950 9
2186734274949 9
2186734306843 2
2186734274948 9
2186734274947 9
2186734306842 2
2186734274946 9
2186734274945 9
2186734306841 2
2186734274944 9
2186734274943 9
2186734306840 2
2186734274942 9
2186734274941 9
2186734274940 9
2186734306839 2
2186734274939 9
2186734274938 9
2186734306838 2
2186734274937 9
2186734306837 2
2186734274936 9
2186734274935 9
2186734274934 9
2186734306836 2
2186734274933 9
2186734274932 9
2186734306835 2
2186734274931 9
2186734274930 9
2186734306834 2
2186734274929 9
2186734274928 9
2186734306833 2
2186734274927 9
2186734274926 9
2186734274925 9
2186734306832 2
2186734274924 9
2186734274923 9
2186734274922 9
2186734306831 2
2186734306830 2
2186734274921 9
2186734274920 9
2186734274919 9
2186734306829 2
2186734274918 9
2186734274917 9
2186734306828 2
2186734274916 9
2186734306827 2
2186734274915 9
2186734274914 9
2186734306825 2
2186734274913 9
2186734306824 2
2186734274912 9
2186734306823 2
2186734274911 9
2186734306822 2
2186734274910 9
2186734306821 2
2186734306820 2
2186734274909 9
2186734274908 9
2186734306819 2
2186734274907 9
2186734306814 2
2186734274906 9
2186734274905 9
2186734274904 9
2186734306813 2
2186734274903 9
2186734274902 9
2186734274901 9
2186734306812 2
2186734274900 9
2186734274899 9
2186734274898 9
2186734306811 2
2186734274897 9
2186734274896 9
2186734306810 2
2186734274895 9
2186734274894 9
2186734274893 9
2186734306805 2
2186734274892 9
2186734274891 9
2186734274890 9
2186734306804 2
2186734274889 9
2186734274888 9
2186734274887 9
2186734306803 2
2186734274886 9
2186734274885 9
2186734306802 2
2186734274884 9
2186734274883 9
2186734306801 2
2186734274882 9
2186734274881 9
2186734274880 9
2186734306800 2
2186734274879 9
2186734274878 9
2186734274877 9
2186734306799 2
2186734274876 9
2186734274875 9
2186734274874 9
2186734306798 2
2186734274873 9
2186734274872 9
2186734274871 9
2186734306797 2
2186734274870 9
2186734274869 9
2186734274868 9
2186734306796 2
2186734274867 9
2186734274866 9
2186734274865 9
2186734306795 2
2186734274864 9
2186734274863 9
2186734274862 9
2186734306794 2
2186734274861 9
2186734274860 9
2186734274859 9
2186734306793 2
2186734274858 9
2186734274857 9
2186734274856 9
2186734306792 2
2186734274855 9
2186734274854 9
2186734274853 9
2186734306791 2
2186734274852 9
2186734274851 9
2186734274850 9
2186734306790 2
2186734274849 9
2186734274848 9
2186734274847 9
2186734306789 2
2186734274846 9
2186734274845 9
2186734274844 9
2186734306788 2
2186734274843 9
2186734274842 9
2186734274841 9
2186734306787 2
2186734274840 9
2186734274839 9
2186734274838 9
2186734306786 2
2186734274837 9
2186734274836 9
2186734274835 9
2186734306785 2
2186734274834 9
2186734274833 9
2186734306784 2
2186734274832 9
2186734306783 2
2186734274831 9
2186734306782 2
2186734274830 9
2186734274829 9
2186734306781 2
2186734274828 9
2186734306780 2
2186734274827 9
2186734274826 9
2186734306777 2
2186734274825 9
2186734274824 9
2186734274823 9
2186734306776 2
2186734274822 9
2186734306775 2
2186734274821 9
2186734306774 2
2186734274820 9
2186734306773 2
2186734274819 9
2186734274818 9
2186734306772 2
2186734306771 2
2186734274817 9
2186734274816 9
2186734306770 2
2186734274815 9
2186734274814 9
2186734306769 2
2186734274813 9
2186734306768 2
2186734274812 9
2186734274811 9
2186734306767 2
2186734274810 9
2186734306766 2
2186734306765 2
2186734274809 9
2186734274808 9
2186734306764 2
2186734274807 9
2186734274806 9
2186734274805 9
2186734306763 2
2186734274804 9
2186734274803 9
2186734274802 9
2186734306762 2
2186734274801 9
2186734274800 9
2186734274799 9
2186734306761 2
2186734274798 9
2186734274797 9
2186734274796 9
2186734306760 2
2186734274795 9
2186734274794 9
2186734274793 9
2186734306759 2
2186734274792 9
2186734274791 9
2186734274790 9
2186734306758 2
2186734274789 9
2186734274788 9
2186734306757 2
2186734274787 9
2186734274786 9
2186734274785 9
2186734306756 2
2186734274784 9
2186734274783 9
2186734274782 9
2186734306755 2
2186734274781 9
2186734274780 9
2186734274779 9
2186734306754 2
2186734274778 9
2186734274777 9
2186734274776 9
2186734306753 2
2186734274775 9
2186734274774 9
2186734274773 9
2186734306752 2
2186734274772 9
2186734274771 9
2186734274770 9
2186734306751 2
2186734274769 9
2186734274768 9
2186734274767 9
2186734306750 2
2186734274766 9
2186734274765 9
2186734274764 9
2186734306749 2
2186734274763 9
2186734274762 9
2186734274761 9
2186734306748 2
2186734274760 9
2186734274759 9
2186734274758 9
2186734306747 2
2186734274757 9
2186734274756 9
2186734274755 9
2186734306746 2
2186734274754 9
2186734274753 9
2186734274752 9
2186734306745 2
2186734274751 9
2186734306744 2
2186734274750 9
2186734306743 2
2186734274749 9
2186734306742 2
2186734274748 9
2186734306741 2
2186734274747 9
2186734306740 2
2186734274746 9
2186734274745 9
2186734274744 9
2186734306739 2
2186734274743 9
2186734274742 9
2186734274741 9
2186734306738 2
2186734274740 9
2186734274739 9
2186734274738 9
2186734306737 2
2186734274737 9
2186734274736 9
2186734274735 9
2186734306736 2
2186734274734 9
2186734274733 9
2186734306735 2
2186734306734 2
2186734274732 9
2186734274731 9
2186734306733 2
2186734274730 9
2186734306732 2
2186734274729 9
2186734274728 9
2186734274727 9
2186734306731 2
2186734274726 9
2186734274725 9
2186734306730 2
2186734274724 9
2186734306729 2
2186734274723 9
2186734274722 9
2186734274721 9
2186734306727 2
2186734274720 9
2186734274719 9
2186734274718 9
2186734306726 2
2186734274717 9
2186734274716 9
2186734274715 9
2186734306725 2
2186734274714 9
2186734274713 9
2186734274712 9
2186734306724 2
2186734274711 9
2186734306723 2
2186734274710 9
2186734306722 2
2186734274709 9
2186734306721 5
2186734274708 9
2186734306720 2
2186734274707 9
2186734274706 9
2186734274705 9
2186734306719 2
2186734274704 9
2186734274703 9
2186734306718 2
2186734274702 9
2186734274701 9
2186734306717 2
2186734274700 9
2186734274699 9
2186734274698 9
2186734306716 2
2186734274697 9
2186734274696 9
2186734306715 2
2186734274695 9
2186734274694 9
2186734306714 2
2186734274693 9
2186734274692 9
2186734274691 9
2186734306713 2
2186734274690 9
2186734274689 9
2186734306712 2
2186734274688 9
2186734274687 9
2186734306711 2
2186734274686 9
2186734274685 9
2186734274684 9
2186734306710 2
2186734274683 9
2186734274682 9
2186734306709 2
2186734274681 9
2186734274680 9
2186734306708 2
2186734274679 9
2186734274678 9
2186734274677 9
2186734306707 2
2186734274676 9
2186734274675 9
2186734306706 2
2186734274674 9
2186734306703 2
2186734274673 9
2186734274672 9
2186734306702 2
2186734274671 9
2186734274670 9
2186734274669 9
2186734306701 2
2186734274668 9
2186734274667 9
2186734306700 2
2186734274666 9
2186734274665 9
2186734306699 2
2186734274664 9
2186734274663 9
2186734274662 9
2186734306698 2
2186734274661 9
2186734274660 9
2186734306697 2
2186734274659 9
2186734274658 9
2186734306696 2
2186734274657 9
2186734274656 9
2186734274655 9
2186734306695 2
2186734274654 9
2186734274653 9
2186734306694 2
2186734274652 9
2186734274651 9
2186734306693 2
2186734274650 9
2186734274649 9
2186734274648 9
2186734306692 2
2186734274647 9
2186734274646 9
2186734306691 2
2186734274645 9
2186734274644 9
2186734306690 2
2186734274643 9
2186734274642 9
2186734274641 9
2186734306689 2
2186734274640 9
2186734274639 9
2186734274638 9
2186734306688 2
2186734274637 9
2186734306687 2
2186734274636 9
2186734274635 9
2186734274634 9
2186734306686 2
2186734274633 9
2186734274632 9
2186734274631 9
2186734306685 2
2186734274630 9
2186734274629 9
2186734306684 2
2186734274628 9
2186734274627 9
2186734274626 9
2186734306683 2
2186734274625 9
2186734274624 9
2186734306682 2
2186734274623 9
2186734274622 9
2186734306681 2
2186734274621 9
2186734274620 9
2186734274619 9
2186734306680 2
2186734274618 9
2186734274617 9
2186734306679 2
2186734274616 9
2186734274615 9
2186734306678 2
2186734274614 9
2186734274613 9
2186734274612 9
2186734306677 2
2186734274611 9
2186734274610 9
2186734306676 2
2186734274609 9
2186734274608 9
2186734306675 2
2186734274607 9
2186734274606 9
2186734274605 9
2186734306674 2
2186734274604 9
2186734274603 9
2186734306673 2
2186734274602 9
2186734274601 9
2186734306672 2
2186734274600 9
2186734274599 9
2186734274598 9
2186734306671 2
2186734274597 9
2186734274596 9
2186734306670 2
2186734274595 9
2186734306669 2
2186734274594 9
2186734274593 9
2186734274592 9
2186734306668 2
2186734274591 9
2186734274590 9
2186734274589 9
2186734306667 2
2186734274588 9
2186734306666 2
2186734274587 9
2186734274586 9
2186734274585 9
2186734306665 2
2186734274584 9
2186734274583 9
2186734306664 2
2186734274582 9
2186734274581 9
2186734274580 9
2186734306663 3
2186734274579 9
2186734274578 9
2186734274577 9
2186734306662 2
2186734274576 9
2186734274575 9
2186734274574 9
2186734306661 2
2186734274573 9
2186734274572 9
2186734274571 9
2186734306660 4
2186734306659 5
2186734274570 9
2186734306880 8
2186739503041 3
2186739502901 3
2186734308485 3
2186734308484 2
2186734308482 4
2186734308481 2
2186734308480 2
2186734308479 2
2186734308478 2
2186734308477 2
2186734308476 2
2186734308475 2
2186734308474 2
2186734308473 2
2186734308472 2
2186734308471 2
2186734308470 2
2186734308469 2
2186734308468 2
2186734308467 2
2186734308466 2
2186734308465 2
2186734308464 2
2186734308463 2
2186734308462 2
2186734308461 2
2186734308460 2
2186734308459 2
2186734308458 2
2186734308457 3
2186734308456 8
2186734308455 2
2186734308454 2
2186734308453 2
2186734308452 2
2186734308451 2
2186734308450 2
2186734308449 2
2186734308448 2
2186734308447 2
2186734308446 3
2186734308483 2
2186734308445 34
2186734361137 5
2186739502948 2
2186739502892 2
2186739503091 2
2186739502979 2
2186734361136 34
2186734361135 12
2186734361134 4
2186734361131 11
2186734361130 7
2186734361129 2
2186734361128 2
2186734361127 2
2186734361126 2
2186734361125 2
2186734361124 2
2186734361123 2
2186734361122 2
2186734361121 4
2186734361120 2
2186734361119 2
2186734361118 311
2186734361132 31
2186734361133 5
2186739499312 54
2186739499316 20
2186739499315 23
2186739499314 34
2186739499313 23
2186734274569 30
2186739502160 11
2186734274568 18
2186734361117 2
2198875306062 5
2186734361115 9
2186734361116 7
2186734274453 74
2186734274567 21
2186734274566 19
2186734274565 20
2186734274564 19
2186734274563 23
2186734274562 21
2186734274561 19
2186734274560 19
2186734274559 22
2186734274558 23
2186734274557 19
2186734274556 20
2186734274555 19
2186734274554 23
2186734274553 21
2186734274448 7
2186734274552 21
2186734274551 24
2186734274550 28
2186734274549 29
2186734274548 32
1479921922965 33
1479921922964 47
2186734361114 200
2186739503035 16
2186734361113 23
2186739499311 18
2198875298100 6
2186734274446 28
2198875298105 31
2198875298066 3
2186739502200 4
2186734274447 402
2186734272527 9
2186734272513 5
2186734272514 3
2186734272515 3
2186734272516 3
2186734272517 3
2186734272518 3
2186734272519 6
2186734272520 6
2186734272525 14
2186734272521 3
2186734272522 7
2186734272523 2
2186734272524 2
2186734306869 3
2186734361100 7
2186734306868 17
2186734361098 4
2186734361099 9
2186734306867 16
2186734306866 17
2186734306865 12
2186734361095 264
2186734306864 268
2186734361097 14
2186734361096 6
2186734306863 13
2186734307007 2
2186734307006 2
2186734307005 2
2186734307004 12
2186734307003 12
2186734307002 2
2186734307001 2
2186734307000 2
2186734306999 2
2186734306998 2
2186734306997 2
2186734306996 2
2186734306995 2
2186734306994 2
2186734306993 2
2186734306992 2
2186734306991 2
2186734306990 2
2186734306989 2
2186734306988 2
2186734306987 2
2186734306986 2
2186734306985 2
2186734306984 3
2186734306983 2
2186734306982 2
2186734306981 2
2186734306980 2
2186734306979 2
2186734306978 3
2186734361110 41
2198875298058 8
2198875298057 10
2198875298056 11
2198875298055 14
2198875298068 2
2198875298067 16
2186734361106 86
2186734361108 6
2186734361107 76
2186734361109 168
2186734361105 1103
2186734361111 10
2186734361112 18
2186734361104 18
2186734361094 106
2186739503034 2
2198875298070 18
2198875298069 10
2198875298071 18
2198875298077 5
2198875298076 5
2198875298075 5
2198875298074 4
2198875298073 6
2198875298072 12
2198875298089 5
2198875298088 20
2186734361093 196
2186734346811 6
2186734346926 17
2186734346654 6
2186734347357 6
2186734346653 3
2186734346806 6
2186734346652 2
2186734347375 5
2186734346655 2
2186734347128 6
2186734346648 2
2186734347108 5
2186734346662 2
2186734346969 5
2186734346690 2
2186734347118 6
2186734346635 2
2186734347186 5
2186734346524 2
2198875298083 5
2198875298084 42
2186734346304 7
2186739503047 5
2198875298080 14
2198875298078 23
2198875298079 23
2198875298081 32
2198875298082 54
2198875298087 6
2198875298085 49
2186739503017 21
2198875298086 30
2198875298101 26
2198875298104 13
2198875298103 11
2198875298102 44
1479921922963 56
1479921922962 154
2198875298106 47
2198875298110 21
2198875298111 15
2198875298109 42
2198875298107 13
2198875298108 18
2186739503061 4
2186739503037 4
2186739503036 10
2186739499274 3
2186739499273 2
2186739499264 5
2186739503044 7
2186734361092 2
2186734361091 2
2186734361090 2
2186739502081 4
2186739502080 4
2186734361089 2
2186734361088 2
2186739503102 3
2186739502891 4
2186739503099 6
2186739503101 2
2186739502241 5
2186739503098 18
2186739503100 2
2186739502890 7
2186739502965 5
2186739503097 8
2186739502322 32
2186739502321 23
2198875306068 5
2186739502265 10
2198875306061 20
2198875306059 9
2198875306057 9
2198875306056 11
2198875306055 7
2186739502161 40
2198875306060 13
2198875306058 9
2198875298119 794
2198875306054 24
2198875298120 901
2198875298122 222
2198875298121 491
2198875298123 1305
2186739502264 79
2186739502263 19
2198875298125 795
2198875298124 203
2198875306053 9
2186739503078 2
2186739503090 3
2186739503081 3
2198875306066 6
2186739503079 4
2186739503080 4
2198875306065 7
2186739503076 8
2198875306064 19
2186739503077 5
2198875306063 13
2198875306051 6
2198875306050 6
2186739503087 13
2198875306049 11
2186739503084 5
2198875306048 3
2186739503088 8
2186739503095 2
2186739503094 2
2186739503093 2
2186739503092 2
2186739503089 10
2186739503086 73
2186739503096 8
2186739503075 14
2186739503085 15
1479921922958 5
2186739503058 6
1479921923197 12
2186739503057 7
1479921923196 14
1479921923195 15
1479921923194 11
2186739503053 191
1479921923193 194
2186739503056 9
1479921923192 13
2186739503055 12
2186739503054 8
1479921923191 14
2186739503049 6
2186739503048 19
2186739499310 42
2186739503068 6
1479921922957 11
1479921922956 20
1479921922955 4
2186739503042 21
1479921922954 5
1479921922953 7
1479921922952 10
1479921922951 7
1479921922950 7
1479921922949 7
1479921922948 7
1479921922947 8
1479921922946 6
2186739502144 10
1479921922945 8
2186739503064 16
2186739502526 3
2186739503066 18
2186739502977 41
2186739503065 35
2186739503072 2
2186739503071 2
2186739503070 2
2186739503069 4
2186739503067 10
2186739503063 585
2186739503073 11
2186739503074 74
2186739502267 8
2186739503062 188
2186739503052 101
2186739503045 7
2186739503046 41
2198875298126 471
2198875298127 218
2186739502966 12
2186739503043 3
2198875298128 112
2198875298129 41
2186739502219 7
2186739502922 3
2186739502934 2
2186739502920 4
2186739502899 4
2186739502941 4
2186739502964 7
2186739502963 4
2186739502105 5
2186739502106 2
2198875298136 140
2186739502103 97
2186739502104 26
2186739502098 79
2186739502099 53
2186739502100 27
2186739502102 64
2198875298131 25
2198875298133 148
2198875298132 17
2186739502962 48
2198875298130 40
2198875298134 86
2186739502961 5
2186739502959 7
2186739502960 7
2186739502958 59
2198875298135 73
2186739503050 15
2186739502913 2
2198875298301 43
2198875298299 43
2198875298296 37
2198875298294 8
2198875298293 30
2198875298292 27
2198875298291 19
2198875298290 14
2198875298289 60
2198875298287 17
2198875298286 26
2198875298285 28
2198875298284 38
2198875298283 91
2198875298282 56
2198875298281 62
2198875298280 23
2198875298279 63
2198875298278 54
2198875298254 69
2198875298253 37
2198875298252 61
2198875298251 71
2198875298249 73
2198875298248 50
2198875298247 63
2186739502217 8
2198875298246 65
2198875298245 42
2198875298244 66
2186739502952 105
2186739502951 105
2186739502949 107
2186739502947 108
2186739502945 105
2186739502944 105
2186739502942 108
2186739502940 105
2186739502938 105
2186739502937 106
2186739502935 107
2186739502933 108
2186739502931 105
2186739502930 106
2186739502928 105
2186739502926 116
2186739502924 108
2186739502923 106
2186739502921 108
2186739502919 111
2186739502917 105
2186739502916 106
2186739502914 107
2186739502912 105
2186739502910 111
2186739502909 105
2186739502907 107
2186739502905 108
2186739502903 105
2186739502902 106
2186739502900 108
2186739502898 105
2186739502896 105
2186739502895 105
2186739502893 107
2198875298137 269
2198875298242 46
2198875298138 97
2186739502967 13
2198875298157 4
2198875298156 8
2198875298155 6
2198875298154 6
2186739502119 2
2198875298153 8
2186739502120 14
2186739502122 2
2186739502121 6
2198875298139 44
2186739502956 15
2198875298140 19
2186739502957 99
2198875298152 9
2198875298151 25
2198875298150 25
2198875298149 25
2198875298148 25
2198875298147 25
2198875298146 25
2186739503051 48
2186739502955 329
2198875298145 26
2186739503033 4
2186739503031 83
2186739499280 5
2186739502953 38
2198875298141 15
2186739499299 8
2186739499373 6
2186739499298 11
2186739499291 7
2186739502976 5
2186739499372 19
2186739499292 9
2186739499286 8
2186739499297 31
2186739499371 20
2186739502975 5
2186739499295 16
2186739499370 13
2186739502969 32
2186739499369 9
2186739499368 9
2186739502968 9
2186739499367 9
2186739502889 12
2186739499366 9
2186739499365 9
2186739499364 9
2186739502888 2
2186739499363 9
2186739499362 9
2186739499361 9
2186739502887 2
2186739499360 9
2186739499359 9
2186739499358 9
2186739502886 2
2186739499357 9
2186739499356 9
2186739499355 9
2186739502885 2
2186739499354 9
2186739499353 9
2186739499352 9
2186739502884 2
2186739499351 9
2186739499350 9
2186739499349 9
2186739502883 2
2186739499348 9
2186739499347 9
2186739499346 9
2186739502882 2
2186739499345 9
2186739499344 9
2186739499343 9
2186739502881 2
2186739499342 9
2186739499341 9
2186739499340 9
2186739502880 2
2186739499339 9
2186739499338 9
2186739499337 9
2186739502879 2
2186739499336 9
2186739499335 9
2186739499334 9
2186739502878 2
2186739499333 9
2186739499332 9
2186739502877 2
2186739499331 9
2186739499330 9
2186739499329 9
2186739502876 2
2186739499328 9
2186739499327 9
2186739499326 9
2186739502875 2
2186739499325 9
2186739499324 9
2186739499323 9
2186739502874 2
2186739499322 9
2186739499321 9
2186739499320 9
2186739502873 2
2186739499319 9
2186739499318 9
2186739502872 2
2186739499317 10
2198875298143 44
2186739503024 4
2186739503027 10
2186739502974 10
2186739503025 10
2186739502973 13
2186739503023 11
2186739502972 14
2186739502971 24
2186739503030 9
2186739503021 56
2186739503022 7
2186739503020 43
2186739502970 36
2186739502954 76
2186739503019 139
2186739503032 126
2198875298142 10
2198875298144 16
