Cache only architecture
L1
LOAD: 31282 size: 200536 B
STORE: 11835 size: 93203 B
HIT: 28729 size: 148620 B
MISS: 2562 size: 52036 B
EVICT: 720 size: 46080 B

Hybrid LMStore-Cache architecture with Stack Distance-Based Allocation algorithm
L1
LOAD: 3312 size: 15083 B
STORE: 277 size: 3161 B
HIT: 2851 size: 10504 B
MISS: 461 size: 4579 B
EVICT: 23 size: 1472 B

lms: 236775

Hybrid LMStore-Cache architecture with Frequency-Based Allocation algorithm
L1
LOAD: 486 size: 21899 B
STORE: 1886 size: 16695 B
HIT: 23 size: 102 B
MISS: 463 size: 21797 B
EVICT: 287 size: 18368 B

lms: 234857
