Cache only architecture
L1
LOAD: 47252 size: 269016 B
STORE: 20991 size: 129631 B
HIT: 44594 size: 211963 B
MISS: 2668 size: 57181 B
EVICT: 767 size: 49088 B

Hybrid LMStore-Cache architecture with Stack Distance-Based Allocation algorithm
L1
LOAD: 18885 size: 81824 B
STORE: 9421 size: 39493 B
HIT: 18406 size: 72762 B
MISS: 479 size: 9062 B
EVICT: 30 size: 1920 B

lms: 238354

Hybrid LMStore-Cache architecture with Frequency-Based Allocation algorithm
L1
LOAD: 500 size: 23652 B
STORE: 10289 size: 50318 B
HIT: 20 size: 112 B
MISS: 480 size: 23540 B
EVICT: 300 size: 19200 B

lms: 301189
