2186734306923 2
2186734306974 2
2186734306971 2
2186734307049 2
2186734307371 2
2186734307020 2
1479921923088 2
1479921923081 2
1479921923083 2
1479921923082 2
1479921923078 2
1479921923080 2
1479921923076 2
1479921923072 2
1479921923073 2
1479921923077 2
1479921923079 2
1479921923074 2
1479921923075 2
1479921923084 2
1479921923087 2
1479921923086 2
1479921923085 2
1479921923089 2
1479921923211 2
1479921923210 2
1479921923209 2
1479921923208 2
1479921923207 2
1479921923090 2
1479921923206 2
1479921923212 2
1479921923092 2
1479921923091 2
1479921923205 2
1479921923204 2
1479921923203 2
1479921923202 2
1479921923201 2
2186739499300 2
2186734274302 2
2186734274301 2
2186734272817 3
2186734307400 2
2186734306890 2
2186734307050 2
2186739502929 2
2186739502936 2
2186739502915 2
2186739502906 2
2198875298113 2
2198875298112 2
2186734307309 2
2186734307410 2
2186734307833 3
2186734274035 2
2186739502184 2
2186734274034 2
2186734273012 2
2186734272655 2
2186734274470 2
2186734273991 2
2186734273017 2
2186734274123 2
2186734272823 2
2186734272623 2
2186739499309 2
2186734274518 2
2186734274161 2
2186734274160 2
2186734273589 2
2186734272751 2
2186734272604 2
2186734274456 2
2186734272845 2
2186734272627 2
2186734272528 2
2186739499303 2
2186734272718 2
2186734272593 2
2186739499305 2
2186734274408 2
2186734274407 2
2186734272942 2
2186734272643 2
2186734274462 2
2186734274174 2
2186739502246 2
2186734274173 2
2186734272921 2
2186734272640 2
2186734274514 2
2186734274002 2
2186734273538 2
2186734272743 2
2186739502245 2
2186734274545 2
2186734274324 2
2186734273909 2
2186734272805 2
2186734272621 2
2186739502244 2
2186739499272 2
2186739499271 2
2186739499270 2
2186739499269 2
2186739499268 2
2186739499267 2
2186739499266 2
2186739499265 2
2186734308490 2
2186734308489 2
2186734308444 2
2186734308443 4
2186734308442 3
2186734274113 2
2186734274112 2
2186734273892 2
2186734272802 2
2186734272620 2
2186739502089 3
1479921922969 2
2186734274460 2
2186734273969 2
2186734273968 2
2186734272895 2
2186734272894 2
2186734272636 2
2186734272546 2
1479921922961 2
1479921922968 2
1479921922960 2
1479921923199 3
2186734274474 2
2186734273975 2
2186734273064 2
2186734272664 2
2186734272573 2
1479921922967 2
1479921923200 3
1479921923190 3
1479921922966 2
2186734306887 3
2186734275071 2
2186734275070 2
2186734275069 2
2186734275068 2
2186734275067 2
2186734275066 2
2186734275065 2
2186734275064 2
2186734275063 2
2186734275062 2
2186734275061 2
2186734275060 2
2186734275059 2
2186734275058 2
2186734275057 2
2186734275056 3
2186734306886 3
2186734275055 3
2186734306885 3
2186734306884 2
2186734275054 2
2186734275053 2
2186734306883 2
2186734306882 2
2186734306881 2
2186734275052 2
2186734306895 2
2186734307350 2
2186734306896 2
2186734275051 2
2186734274412 3
2186734272953 3
2186734274436 2
2186734273295 2
2186734275050 2
2186734272569 2
2186734274433 2
2186734274432 2
2186734272998 2
2186734272657 2
2186734272656 3
2186734272571 3
2186734274431 2
2186734273020 2
2186734274471 2
2186734272724 2
2186734274130 2
2186734273427 2
2186734274504 2
2186734275049 2
2186734272679 2
2186734272530 2
2186734273158 2
2186734272667 2
2186734272575 2
2186734274427 2
2186734273082 2
2186734274476 2
2186734272784 2
2186734272783 2
2186734274422 3
2186734274421 2
2186734273782 2
2186734274534 2
2186734275048 2
2186734272633 2
2186734274418 2
2186734272879 2
2186734275047 2
2186739499301 3
2186739499289 2
2186734272745 2
2186734272602 2
2186734274392 2
2186734274391 2
2186734272816 6
2186734272772 2
2186734272610 2
2186734274093 2
2186734274092 2
2186734273716 2
2186734272702 2
2186734272587 2
2186734272533 2
2186734274406 2
2186734273292 2
2186734274493 2
2186734275046 2
2186734272726 2
2186734272725 2
2186734274397 2
2186734274396 2
2186734273434 2
2186734274505 2
2186734306878 3
2186734272547 2
2186734274361 2
2186734274360 2
2186734275045 2
2186734272660 2
2186734272572 2
2186734274358 2
2186734273043 2
2186734274472 2
2186734275044 2
2186734273954 2
2186734273953 2
2186734273559 2
2186734272775 2
2186734274333 2
2186734273730 2
2186734274530 2
2186734272748 2
2186734272538 4
2186734274321 2
2186734273570 2
2186734274516 2
2186734275043 2
2186734272705 2
2186734272588 4
2186734274314 2
2186734274313 2
2186739502090 2
2186734273310 2
2186734274495 2
2186734273990 3
2186734273931 2
2186734272644 3
2186734274293 2
2186734272946 2
2186734274464 3
2186734275042 2
2186734272687 2
2186734272582 2
2186734274292 2
2186734274291 2
2186734273201 2
2186734274486 2
2186734272653 3
2186734272570 3
2186734274287 2
2186734273000 2
2186734274469 3
2186734275041 2
2186734272671 2
2186734272576 2
2186734274284 2
2186734273104 2
2186734274478 2
2186734272767 2
2186734274281 2
2186734273681 2
2186734274526 2
2186734272731 2
2186734272598 2
2186734272535 2
2186734274250 2
2186734273469 2
2186734274508 2
2186734275040 2
2186734272676 2
2186734272578 2
2186734274269 2
2186734273136 2
2186734274480 2
2186734272801 2
2186734272619 2
2186734274267 2
2186734274266 2
2186734273887 2
2186734274543 3
2186734306876 2
2186734272827 2
2186734275039 2
2186734272738 2
2186734272600 2
2186734274249 2
2186734273511 2
2186734274511 2
2186734306975 3
2186734275038 2
2186734272765 2
2186734272608 2
2186734272554 5
2186734273673 2
2186734274525 2
2186734273750 2
2186734272778 2
2186734272612 2
2186734273749 2
2186734274531 2
2186734275037 2
2186734272634 2
2186734272563 4
2186734272544 3
2186734274232 2
2186734272886 2
2186734274459 3
2186734274219 2
2186734273162 2
2186734274482 3
2186734272773 3
2186734272611 2
2186734272558 2
2186734274212 2
2186734273721 2
2186734274529 3
2186734275036 2
2186739499307 2
2186739499288 2
2186734272529 2
2186734274388 2
2186734272814 2
2186734306875 6
2186734272796 2
2186734272534 3
2186734274195 2
2186734274194 2
2186734273859 2
2186734275035 2
2186739499302 3
2186734272680 3
2186734272580 3
2186734274242 2
2186734274241 2
2186734272813 3
2186734272856 2
2186734272629 2
2186734272561 3
2186734272532 3
2186734274169 2
2186734274168 2
2186734272855 2
2186734274457 2
2186734272762 2
2186734272607 2
2186734274164 2
2186734273652 2
2186734274523 2
2186734275034 3
2186734272760 2
2186734272759 2
2186734272606 2
2186734274159 2
2186734274158 2
2186734273638 2
2186734274522 2
2186734273456 2
2186734272729 2
2186734272597 2
2186734274146 2
2186734274145 2
2186734273455 2
2186734274507 2
2186734272785 2
2186734272614 3
2186734272539 3
2186734274137 2
2186734274136 2
2186734273790 2
2186734274535 2
2186734275033 2
2186734306970 3
2186734275032 2
2186734273528 2
2186734272741 2
2186734272601 3
2186734274133 2
2186734273527 2
2186734274513 2
2186734306874 5
2186739499304 3
2186739499290 3
2186739499284 3
2186739499282 3
2186734272537 3
2186734274370 2
2186734272728 2
2186734272596 3
2186734272536 4
2186734274110 2
2186734274109 2
2186734273447 2
2186734274506 2
2186734275031 2
2186734272645 4
2186734272566 4
2186734272543 2
2186734274107 2
2186734274106 2
2186734272949 2
2186734272808 3
2186734274100 2
2186734273926 2
2186734272649 2
2186734272568 2
2186734272552 3
2186734274091 2
2186734272974 2
2186734274467 2
2186734275030 2
2186734272641 2
2186734272565 3
2186734274087 2
2186734272927 2
2186734274463 2
2186734272754 2
2186734272753 2
2186734272605 2
2186734274070 2
2186734273602 2
2186734274519 2
2186734275029 2
2186734272624 4
2186734272559 4
2186734272542 3
2186734274068 2
2186734272826 2
2186734274454 7
2186734272710 2
2186734272590 2
2186734272541 2
2186734274064 2
2186734273341 2
2186734274497 2
2186734272780 2
2186734272613 2
2186734272553 3
2186734274052 2
2186734273758 2
2186734274532 2
2186734275028 2
2186734272795 2
2186734272618 2
2186734272557 4
2186734274045 2
2186734273850 2
2186734274540 3
2186734272714 3
2186734272592 3
2186734272551 4
2186734274256 3
2186734273363 3
2186734274499 3
2186734274452 2
2186734272791 2
2186734272616 2
2186734272549 5
2186734274008 2
2186734274007 3
2186734273824 2
2186734274538 2
2186734275027 2
2186739499306 2
2186739499285 3
2186739499283 4
2186739499281 8
2186734272545 2
2186734274058 2
2186734272812 3
2186734272807 2
2186734272622 3
2186734272550 4
2186734273986 2
2186734273924 2
2186734274546 3
2186734275026 2
2186734272746 3
2186734272603 3
2186734272555 4
2186734273964 2
2186734273558 2
2186734274515 3
2186734272707 2
2186734272589 2
2186734272556 5
2186734273947 2
2186734273325 2
2186734274496 2
2186734272646 2
2186734272567 4
2186734272531 2
2186734274063 2
2186734272955 2
2186734274465 4
2186734275025 2
2186734306879 4
2186734306877 4
2186734275024 2
2186734306873 3
2186734306872 4
2186734275023 2
2186734275022 2
2186734306871 3
2186734275021 2
2186734275020 2
2186734306870 3
2186739502085 3
2186734272811 3
2186734275019 2
2186739502084 3
2198875298114 3
2186734273486 2
2198875298115 3
2186734272734 2
2186734272599 2
2186734272540 4
1479921922959 5
2198875298116 3
2198875298117 4
2198875298118 3
2186734274357 2
2186734274356 2
2186734273485 2
2186734274509 2
2186734306977 6
2186734275018 2
2186734306976 2
2186734275017 2
2186734306973 3
2186734306972 4
2186734275016 2
2186734275015 2
2186734306969 2
2186734275014 2
2186734275013 2
2186734275012 2
2186734306968 2
2186734275011 2
2186734275010 2
2186734275009 2
2186734306967 2
2186734275008 2
2186734275007 2
2186734275006 2
2186734306966 3
2186734306965 2
2186734275005 2
2186734275004 2
2186734306964 3
2186734275003 2
2186734306963 2
2186734306929 2
2186734275002 2
2186734306925 4
2186734306924 3
2186734275001 2
2186734306922 3
2186734306918 2
2186734275000 2
2186734306914 2
2186734274999 2
2186734306913 3
2186734274998 2
2186734274997 2
2186734274996 2
2186734306912 3
2186734274995 2
2186734306911 2
2186734274994 2
2186734306910 2
2186734274993 2
2186734274992 2
2186734306909 2
2186734274991 2
2186734306908 2
2186734274990 2
2186734306907 2
2186734274989 2
2186734274988 2
2186734306906 2
2186734274987 2
2186734306905 2
2186734274986 2
2186734306904 2
2186734274985 2
2186734306903 2
2186734274984 2
2186734274983 2
2186734306902 2
2186734274982 2
2186734306901 2
2186734274981 2
2186734306862 2
2186734274980 2
2186734306861 2
2186734274979 2
2186734306860 2
2186734306859 2
2186734274978 2
2186734306858 3
2186734274977 2
2186734274976 2
2186734274975 2
2186734306857 2
2186734274974 2
2186734274973 2
2186734274972 2
2186734306856 2
2186734274971 2
2186734274970 2
2186734274969 2
2186734306855 2
2186734274968 2
2186734306854 2
2186734274967 2
2186734306852 2
2186734274966 2
2186734274965 2
2186734306851 2
2186734274964 2
2186734274963 2
2186734306850 2
2186734274962 2
2186734274961 2
2186734306849 2
2186734274960 2
2186734306848 2
2186734274959 2
2186734274958 2
2186734306847 2
2186734274957 2
2186734306846 2
2186734274956 2
2186734274955 2
2186734274954 2
2186734306845 2
2186734274953 2
2186734274952 2
2186734306844 2
2186734274951 2
2186734274950 2
2186734274949 2
2186734306843 2
2186734274948 2
2186734274947 2
2186734306842 2
2186734274946 2
2186734274945 2
2186734306841 2
2186734274944 2
2186734274943 2
2186734306840 2
2186734274942 2
2186734274941 2
2186734274940 2
2186734306839 2
2186734274939 2
2186734274938 2
2186734306838 2
2186734274937 2
2186734306837 2
2186734274936 2
2186734274935 2
2186734274934 2
2186734306836 2
2186734274933 2
2186734274932 2
2186734306835 2
2186734274931 2
2186734274930 2
2186734306834 2
2186734274929 2
2186734274928 2
2186734306833 2
2186734274927 2
2186734274926 2
2186734274925 2
2186734306832 2
2186734274924 2
2186734274923 2
2186734274922 2
2186734306831 2
2186734306830 2
2186734274921 2
2186734274920 2
2186734274919 2
2186734306829 2
2186734274918 2
2186734274917 2
2186734306828 2
2186734274916 2
2186734306827 2
2186734274915 2
2186734274914 2
2186734306825 2
2186734274913 2
2186734306824 2
2186734274912 2
2186734306823 2
2186734274911 2
2186734306822 2
2186734274910 2
2186734306821 2
2186734306820 2
2186734274909 2
2186734274908 2
2186734306819 2
2186734274907 2
2186734306814 2
2186734274906 2
2186734274905 2
2186734274904 2
2186734306813 2
2186734274903 2
2186734274902 2
2186734274901 2
2186734306812 2
2186734274900 2
2186734274899 2
2186734274898 2
2186734306811 2
2186734274897 2
2186734274896 2
2186734306810 2
2186734274895 2
2186734274894 2
2186734274893 2
2186734306805 2
2186734274892 2
2186734274891 2
2186734274890 2
2186734306804 2
2186734274889 2
2186734274888 2
2186734274887 2
2186734306803 2
2186734274886 2
2186734274885 2
2186734306802 2
2186734274884 2
2186734274883 2
2186734306801 2
2186734274882 2
2186734274881 2
2186734274880 2
2186734306800 2
2186734274879 2
2186734274878 2
2186734274877 2
2186734306799 2
2186734274876 2
2186734274875 2
2186734274874 2
2186734306798 2
2186734274873 2
2186734274872 2
2186734274871 2
2186734306797 2
2186734274870 2
2186734274869 2
2186734274868 2
2186734306796 2
2186734274867 2
2186734274866 2
2186734274865 2
2186734306795 2
2186734274864 2
2186734274863 2
2186734274862 2
2186734306794 2
2186734274861 2
2186734274860 2
2186734274859 2
2186734306793 2
2186734274858 2
2186734274857 2
2186734274856 2
2186734306792 2
2186734274855 2
2186734274854 2
2186734274853 2
2186734306791 2
2186734274852 2
2186734274851 2
2186734274850 2
2186734306790 2
2186734274849 2
2186734274848 2
2186734274847 2
2186734306789 2
2186734274846 2
2186734274845 2
2186734274844 2
2186734306788 2
2186734274843 2
2186734274842 2
2186734274841 2
2186734306787 2
2186734274840 2
2186734274839 2
2186734274838 2
2186734306786 2
2186734274837 2
2186734274836 2
2186734274835 2
2186734306785 2
2186734274834 2
2186734274833 2
2186734306784 2
2186734274832 2
2186734306783 2
2186734274831 2
2186734306782 2
2186734274830 2
2186734274829 2
2186734306781 2
2186734274828 2
2186734306780 2
2186734274827 2
2186734274826 2
2186734306777 2
2186734274825 2
2186734274824 2
2186734274823 2
2186734306776 2
2186734274822 2
2186734306775 2
2186734274821 2
2186734306774 2
2186734274820 2
2186734306773 2
2186734274819 2
2186734274818 2
2186734306772 2
2186734306771 2
2186734274817 2
2186734274816 2
2186734306770 2
2186734274815 2
2186734274814 2
2186734306769 2
2186734274813 2
2186734306768 2
2186734274812 2
2186734274811 2
2186734306767 2
2186734274810 2
2186734306766 2
2186734306765 2
2186734274809 2
2186734274808 2
2186734306764 2
2186734274807 2
2186734274806 2
2186734274805 2
2186734306763 2
2186734274804 2
2186734274803 2
2186734274802 2
2186734306762 2
2186734274801 2
2186734274800 2
2186734274799 2
2186734306761 2
2186734274798 2
2186734274797 2
2186734274796 2
2186734306760 2
2186734274795 2
2186734274794 2
2186734274793 2
2186734306759 2
2186734274792 2
2186734274791 2
2186734274790 2
2186734306758 2
2186734274789 2
2186734274788 2
2186734306757 2
2186734274787 2
2186734274786 2
2186734274785 2
2186734306756 2
2186734274784 2
2186734274783 2
2186734274782 2
2186734306755 2
2186734274781 2
2186734274780 2
2186734274779 2
2186734306754 2
2186734274778 2
2186734274777 2
2186734274776 2
2186734306753 2
2186734274775 2
2186734274774 2
2186734274773 2
2186734306752 2
2186734274772 2
2186734274771 2
2186734274770 2
2186734306751 2
2186734274769 2
2186734274768 2
2186734274767 2
2186734306750 2
2186734274766 2
2186734274765 2
2186734274764 2
2186734306749 2
2186734274763 2
2186734274762 2
2186734274761 2
2186734306748 2
2186734274760 2
2186734274759 2
2186734274758 2
2186734306747 2
2186734274757 2
2186734274756 2
2186734274755 2
2186734306746 2
2186734274754 2
2186734274753 2
2186734274752 2
2186734306745 2
2186734274751 2
2186734306744 2
2186734274750 2
2186734306743 2
2186734274749 2
2186734306742 2
2186734274748 2
2186734306741 2
2186734274747 2
2186734306740 2
2186734274746 2
2186734274745 2
2186734274744 2
2186734306739 2
2186734274743 2
2186734274742 2
2186734274741 2
2186734306738 2
2186734274740 2
2186734274739 2
2186734274738 2
2186734306737 2
2186734274737 2
2186734274736 2
2186734274735 2
2186734306736 2
2186734274734 2
2186734274733 2
2186734306735 2
2186734306734 2
2186734274732 2
2186734274731 2
2186734306733 2
2186734274730 2
2186734306732 2
2186734274729 2
2186734274728 2
2186734274727 2
2186734306731 2
2186734274726 2
2186734274725 2
2186734306730 2
2186734274724 2
2186734306729 2
2186734274723 2
2186734274722 2
2186734274721 2
2186734306727 2
2186734274720 2
2186734274719 2
2186734274718 2
2186734306726 2
2186734274717 2
2186734274716 2
2186734274715 2
2186734306725 2
2186734274714 2
2186734274713 2
2186734274712 2
2186734306724 2
2186734274711 2
2186734306723 2
2186734274710 2
2186734306722 2
2186734274709 2
2186734306721 3
2186734274708 2
2186734306720 2
2186734274707 2
2186734274706 2
2186734274705 2
2186734306719 2
2186734274704 2
2186734274703 2
2186734306718 2
2186734274702 2
2186734274701 2
2186734306717 2
2186734274700 2
2186734274699 2
2186734274698 2
2186734306716 2
2186734274697 2
2186734274696 2
2186734306715 2
2186734274695 2
2186734274694 2
2186734306714 2
2186734274693 2
2186734274692 2
2186734274691 2
2186734306713 2
2186734274690 2
2186734274689 2
2186734306712 2
2186734274688 2
2186734274687 2
2186734306711 2
2186734274686 2
2186734274685 2
2186734274684 2
2186734306710 2
2186734274683 2
2186734274682 2
2186734306709 2
2186734274681 2
2186734274680 2
2186734306708 2
2186734274679 2
2186734274678 2
2186734274677 2
2186734306707 2
2186734274676 2
2186734274675 2
2186734306706 2
2186734274674 2
2186734306703 2
2186734274673 2
2186734274672 2
2186734306702 2
2186734274671 2
2186734274670 2
2186734274669 2
2186734306701 2
2186734274668 2
2186734274667 2
2186734306700 2
2186734274666 2
2186734274665 2
2186734306699 2
2186734274664 2
2186734274663 2
2186734274662 2
2186734306698 2
2186734274661 2
2186734274660 2
2186734306697 2
2186734274659 2
2186734274658 2
2186734306696 2
2186734274657 2
2186734274656 2
2186734274655 2
2186734306695 2
2186734274654 2
2186734274653 2
2186734306694 2
2186734274652 2
2186734274651 2
2186734306693 2
2186734274650 2
2186734274649 2
2186734274648 2
2186734306692 2
2186734274647 2
2186734274646 2
2186734306691 2
2186734274645 2
2186734274644 2
2186734306690 2
2186734274643 2
2186734274642 2
2186734274641 2
2186734306689 2
2186734274640 2
2186734274639 2
2186734274638 2
2186734306688 2
2186734274637 2
2186734306687 2
2186734274636 2
2186734274635 2
2186734274634 2
2186734306686 2
2186734274633 2
2186734274632 2
2186734274631 2
2186734306685 2
2186734274630 2
2186734274629 2
2186734306684 2
2186734274628 2
2186734274627 2
2186734274626 2
2186734306683 2
2186734274625 2
2186734274624 2
2186734306682 2
2186734274623 2
2186734274622 2
2186734306681 2
2186734274621 2
2186734274620 2
2186734274619 2
2186734306680 2
2186734274618 2
2186734274617 2
2186734306679 2
2186734274616 2
2186734274615 2
2186734306678 2
2186734274614 2
2186734274613 2
2186734274612 2
2186734306677 2
2186734274611 2
2186734274610 2
2186734306676 2
2186734274609 2
2186734274608 2
2186734306675 2
2186734274607 2
2186734274606 2
2186734274605 2
2186734306674 2
2186734274604 2
2186734274603 2
2186734306673 2
2186734274602 2
2186734274601 2
2186734306672 2
2186734274600 2
2186734274599 2
2186734274598 2
2186734306671 2
2186734274597 2
2186734274596 2
2186734306670 2
2186734274595 2
2186734306669 2
2186734274594 2
2186734274593 2
2186734274592 2
2186734306668 2
2186734274591 2
2186734274590 2
2186734274589 2
2186734306667 2
2186734274588 2
2186734306666 2
2186734274587 2
2186734274586 2
2186734274585 2
2186734306665 2
2186734274584 2
2186734274583 2
2186734306664 2
2186734274582 2
2186734274581 2
2186734274580 2
2186734306663 3
2186734274579 2
2186734274578 2
2186734274577 2
2186734306662 2
2186734274576 2
2186734274575 2
2186734274574 2
2186734306661 2
2186734274573 2
2186734274572 2
2186734274571 2
2186734306660 3
2186734306659 4
2186734274570 2
2186734306880 4
2186739503041 2
2186739502901 2
2186734308485 3
2186734308484 2
2186734308482 3
2186734308481 2
2186734308480 2
2186734308479 2
2186734308478 2
2186734308477 2
2186734308476 2
2186734308475 2
2186734308474 2
2186734308473 2
2186734308472 2
2186734308471 2
2186734308470 2
2186734308469 2
2186734308468 2
2186734308467 2
2186734308466 2
2186734308465 2
2186734308464 2
2186734308463 2
2186734308462 2
2186734308461 2
2186734308460 2
2186734308459 2
2186734308458 2
2186734308457 3
2186734308456 3
2186734308455 2
2186734308454 2
2186734308453 2
2186734308452 2
2186734308451 2
2186734308450 2
2186734308449 2
2186734308448 2
2186734308447 2
2186734308446 3
2186734308483 2
2186734308445 3
2186734361137 4
2186739502948 2
2186739502892 2
2186739503091 2
2186739502979 2
2186734361136 11
2186734361135 3
2186734361134 3
2186734361131 8
2186734361130 3
2186734361129 2
2186734361128 2
2186734361127 2
2186734361126 2
2186734361125 2
2186734361124 2
2186734361123 2
2186734361122 2
2186734361121 3
2186734361120 2
2186734361119 2
2186734361118 3
2186734361132 9
2186734361133 4
2186739499312 11
2186739499316 2
2186739499315 2
2186739499314 2
2186739499313 5
2186734274569 3
2186739502160 8
2186734274568 2
2186734361117 2
2198875306062 2
2186734361115 3
2186734361116 3
2186734274453 6
2186734274567 2
2186734274566 2
2186734274565 2
2186734274564 2
2186734274563 2
2186734274562 2
2186734274561 2
2186734274560 2
2186734274559 2
2186734274558 2
2186734274557 2
2186734274556 2
2186734274555 2
2186734274554 2
2186734274553 2
2186734274448 3
2186734274552 3
2186734274551 2
2186734274550 2
2186734274549 2
2186734274548 2
1479921922965 3
1479921922964 3
2186734361114 6
2186739503035 8
2186734361113 5
2186739499311 5
2198875298100 3
2186734274446 3
2198875298105 3
2198875298066 2
2186739502200 2
2186734274447 5
2186734272527 5
2186734272513 3
2186734272514 3
2186734272515 3
2186734272516 3
2186734272517 3
2186734272518 3
2186734272519 3
2186734272520 3
2186734272525 2
2186734272521 3
2186734272522 3
2186734272523 2
2186734272524 2
2186734306869 2
2186734361100 6
2186734306868 4
2186734361098 2
2186734361099 4
2186734306867 2
2186734306866 5
2186734306865 3
2186734361095 5
2186734306864 13
2186734361097 5
2186734361096 4
2186734306863 3
2186734307007 2
2186734307006 2
2186734307005 2
2186734307004 3
2186734307003 4
2186734307002 2
2186734307001 2
2186734307000 2
2186734306999 2
2186734306998 2
2186734306997 2
2186734306996 2
2186734306995 2
2186734306994 2
2186734306993 2
2186734306992 2
2186734306991 2
2186734306990 2
2186734306989 2
2186734306988 2
2186734306987 2
2186734306986 2
2186734306985 2
2186734306984 3
2186734306983 2
2186734306982 2
2186734306981 2
2186734306980 2
2186734306979 2
2186734306978 3
2186734361110 10
2198875298058 2
2198875298057 2
2198875298056 2
2198875298055 2
2198875298068 2
2198875298067 2
2186734361106 6
2186734361108 3
2186734361107 6
2186734361109 4
2186734361105 5
2186734361111 6
2186734361112 3
2186734361104 3
2186734361094 4
2186739503034 2
2198875298070 2
2198875298069 2
2198875298071 2
2198875298077 2
2198875298076 2
2198875298075 2
2198875298074 2
2198875298073 2
2198875298072 2
2198875298089 2
2198875298088 2
2186734361093 6
2186734346811 2
2186734346926 2
2186734346654 2
2186734347357 2
2186734346653 2
2186734346806 2
2186734346652 2
2186734347375 2
2186734346655 2
2186734347128 2
2186734346648 2
2186734347108 2
2186734346662 2
2186734346969 2
2186734346690 2
2186734347118 2
2186734346635 2
2186734347186 2
2186734346524 2
2198875298083 2
2198875298084 2
2186734346304 2
2186739503047 4
2198875298080 2
2198875298078 2
2198875298079 2
2198875298081 2
2198875298082 2
2198875298087 2
2198875298085 2
2186739503017 5
2198875298086 3
2198875298101 4
2198875298104 4
2198875298103 4
2198875298102 4
1479921922963 4
1479921922962 4
2198875298106 4
2198875298110 3
2198875298111 3
2198875298109 4
2198875298107 4
2198875298108 4
2186739503061 3
2186739503037 3
2186739503036 4
2186739499274 2
2186739499273 2
2186739499264 2
2186739503044 3
2186734361092 2
2186734361091 2
2186734361090 2
2186739502081 2
2186739502080 2
2186734361089 2
2186734361088 2
2186739503102 2
2186739502891 3
2186739503099 2
2186739503101 2
2186739502241 2
2186739503098 2
2186739503100 2
2186739502890 3
2186739502965 2
2186739503097 2
2186739502322 2
2186739502321 2
2198875306068 2
2186739502265 2
2198875306061 4
2198875306059 2
2198875306057 2
2198875306056 2
2198875306055 2
2186739502161 10
2198875306060 2
2198875306058 2
2198875298119 3
2198875306054 2
2198875298120 4
2198875298122 6
2198875298121 4
2198875298123 5
2186739502264 2
2186739502263 2
2198875298125 6
2198875298124 10
2198875306053 2
2186739503078 2
2186739503090 3
2186739503081 3
2198875306066 3
2186739503079 3
2186739503080 3
2198875306065 3
2186739503076 2
2198875306064 3
2186739503077 2
2198875306063 3
2198875306051 3
2198875306050 3
2186739503087 4
2198875306049 3
2186739503084 3
2198875306048 2
2186739503088 2
2186739503095 2
2186739503094 2
2186739503093 2
2186739503092 2
2186739503089 3
2186739503086 6
2186739503096 4
2186739503075 2
2186739503085 4
1479921922958 2
2186739503058 4
1479921923197 4
2186739503057 4
1479921923196 3
1479921923195 4
1479921923194 4
2186739503053 9
1479921923193 8
2186739503056 4
1479921923192 4
2186739503055 4
2186739503054 5
1479921923191 6
2186739503049 5
2186739503048 4
2186739499310 6
2186739503068 5
1479921922957 2
1479921922956 5
1479921922955 2
2186739503042 4
1479921922954 3
1479921922953 3
1479921922952 3
1479921922951 3
1479921922950 3
1479921922949 3
1479921922948 3
1479921922947 3
1479921922946 3
2186739502144 2
1479921922945 3
2186739503064 6
2186739502526 3
2186739503066 8
2186739502977 5
2186739503065 4
2186739503072 2
2186739503071 2
2186739503070 2
2186739503069 3
2186739503067 5
2186739503063 4
2186739503073 4
2186739503074 5
2186739502267 2
2186739503062 7
2186739503052 9
2186739503045 6
2186739503046 4
2198875298126 5
2198875298127 7
2186739502966 5
2186739503043 3
2198875298128 9
2198875298129 6
2186739502219 4
2186739502922 2
2186739502934 2
2186739502920 2
2186739502899 2
2186739502941 2
2186739502964 3
2186739502963 3
2186739502105 2
2186739502106 2
2198875298136 3
2186739502103 2
2186739502104 2
2186739502098 2
2186739502099 2
2186739502100 2
2186739502102 2
2198875298131 4
2198875298133 4
2198875298132 3
2186739502962 5
2198875298130 5
2198875298134 4
2186739502961 2
2186739502959 3
2186739502960 2
2186739502958 4
2198875298135 3
2186739503050 5
2186739502913 2
2198875298301 2
2198875298299 2
2198875298296 2
2198875298294 2
2198875298293 2
2198875298292 3
2198875298291 3
2198875298290 3
2198875298289 2
2198875298287 2
2198875298286 2
2198875298285 2
2198875298284 2
2198875298283 3
2198875298282 2
2198875298281 3
2198875298280 2
2198875298279 3
2198875298278 2
2198875298254 2
2198875298253 2
2198875298252 2
2198875298251 3
2198875298249 3
2198875298248 2
2198875298247 3
2186739502217 2
2198875298246 2
2198875298245 2
2198875298244 2
2186739502952 2
2186739502951 2
2186739502949 3
2186739502947 3
2186739502945 2
2186739502944 2
2186739502942 2
2186739502940 2
2186739502938 2
2186739502937 3
2186739502935 2
2186739502933 2
2186739502931 2
2186739502930 3
2186739502928 2
2186739502926 4
2186739502924 3
2186739502923 2
2186739502921 2
2186739502919 2
2186739502917 2
2186739502916 3
2186739502914 2
2186739502912 2
2186739502910 2
2186739502909 2
2186739502907 3
2186739502905 3
2186739502903 2
2186739502902 3
2186739502900 2
2186739502898 2
2186739502896 2
2186739502895 2
2186739502893 3
2198875298137 3
2198875298242 3
2198875298138 6
2186739502967 6
2198875298157 3
2198875298156 2
2198875298155 2
2198875298154 2
2186739502119 2
2198875298153 2
2186739502120 2
2186739502122 2
2186739502121 2
2198875298139 4
2186739502956 11
2198875298140 3
2186739502957 7
2198875298152 2
2198875298151 3
2198875298150 2
2198875298149 2
2198875298148 2
2198875298147 2
2198875298146 2
2186739503051 12
2186739502955 9
2198875298145 5
2186739503033 3
2186739503031 10
2186739499280 2
2186739502953 8
2198875298141 4
2186739499299 3
2186739499373 3
2186739499298 3
2186739499291 3
2186739502976 4
2186739499372 3
2186739499292 3
2186739499286 4
2186739499297 3
2186739499371 5
2186739502975 4
2186739499295 3
2186739499370 3
2186739502969 7
2186739499369 2
2186739499368 2
2186739502968 5
2186739499367 2
2186739502889 3
2186739499366 2
2186739499365 2
2186739499364 2
2186739502888 2
2186739499363 2
2186739499362 2
2186739499361 2
2186739502887 2
2186739499360 2
2186739499359 2
2186739499358 2
2186739502886 2
2186739499357 2
2186739499356 2
2186739499355 2
2186739502885 2
2186739499354 2
2186739499353 2
2186739499352 2
2186739502884 2
2186739499351 2
2186739499350 2
2186739499349 2
2186739502883 2
2186739499348 2
2186739499347 2
2186739499346 2
2186739502882 2
2186739499345 2
2186739499344 2
2186739499343 2
2186739502881 2
2186739499342 2
2186739499341 2
2186739499340 2
2186739502880 2
2186739499339 2
2186739499338 2
2186739499337 2
2186739502879 2
2186739499336 2
2186739499335 2
2186739499334 2
2186739502878 2
2186739499333 2
2186739499332 2
2186739502877 2
2186739499331 2
2186739499330 2
2186739499329 2
2186739502876 2
2186739499328 2
2186739499327 2
2186739499326 2
2186739502875 2
2186739499325 2
2186739499324 2
2186739499323 2
2186739502874 2
2186739499322 2
2186739499321 2
2186739499320 2
2186739502873 2
2186739499319 2
2186739499318 2
2186739502872 2
2186739499317 3
2198875298143 4
2186739503024 3
2186739503027 4
2186739502974 4
2186739503025 4
2186739502973 4
2186739503023 4
2186739502972 3
2186739502971 7
2186739503030 5
2186739503021 13
2186739503022 6
2186739503020 14
2186739502970 13
2186739502954 9
2186739503019 13
2186739503032 12
2198875298142 4
2198875298144 3
