Cache only architecture
L1
LOAD: 28951 size: 197555 B
STORE: 11804 size: 92735 B
HIT: 26407 size: 145555 B
MISS: 2555 size: 52144 B
EVICT: 719 size: 46016 B

Hybrid LMStore-Cache architecture with Stack Distance-Based Allocation algorithm
L1
LOAD: 3254 size: 14676 B
STORE: 272 size: 2978 B
HIT: 2797 size: 10109 B
MISS: 457 size: 4567 B
EVICT: 21 size: 1344 B

lms: 233916

Hybrid LMStore-Cache architecture with Frequency-Based Allocation algorithm
L1
LOAD: 481 size: 21829 B
STORE: 1885 size: 16694 B
HIT: 24 size: 123 B
MISS: 457 size: 21706 B
EVICT: 285 size: 18240 B

lms: 231351
